<?xml version="1.0" encoding="UTF-8"?>
<!-- Generated by org.testng.reporters.JUnitReportReporter -->
<testsuite hostname="DESKTOP-GT9SFK0" failures="0" tests="4" name="api.test.UserTests2" time="3.208" errors="0" timestamp="2024-12-25T15:34:36 EST" skipped="0">
  <testcase classname="api.test.UserTests2" name="testPostUser" time="2.647"/>
  <system-out/>
  <testcase classname="api.test.UserTests2" name="testGetUserByName" time="0.167"/>
  <system-out/>
  <testcase classname="api.test.UserTests2" name="testDeleteUserByName" time="0.118"/>
  <system-out/>
  <testcase classname="api.test.UserTests2" name="testUpdateUserByName" time="0.276"/>
  <system-out/>
</testsuite> <!-- api.test.UserTests2 -->
