<?xml version="1.0" encoding="UTF-8"?>
<!-- Generated by org.testng.reporters.JUnitReportReporter -->
<testsuite hostname="DESKTOP-GT9SFK0" failures="0" tests="4" name="api.test.UserTests" time="2.733" errors="0" timestamp="2024-12-24T18:45:40 EST" skipped="0">
  <testcase classname="api.test.UserTests" name="testPostUser" time="2.235"/>
  <system-out/>
  <testcase classname="api.test.UserTests" name="testGetUserByName" time="0.142"/>
  <system-out/>
  <testcase classname="api.test.UserTests" name="testUpdateUserByName" time="0.247"/>
  <system-out/>
  <testcase classname="api.test.UserTests" name="testDeleteUserByName" time="0.109"/>
  <system-out/>
</testsuite> <!-- api.test.UserTests -->
