<?xml version="1.0" encoding="UTF-8"?>
<!-- Generated by org.testng.reporters.JUnitReportReporter -->
<testsuite hostname="DESKTOP-GT9SFK0" failures="0" tests="6" name="api.test.DDTests" time="3.080" errors="0" timestamp="2024-12-24T16:42:40 EST" skipped="0">
  <testcase classname="api.test.DDTests" name="testPostuser" time="0.122"/>
  <system-out/>
  <testcase classname="api.test.DDTests" name="testPostuser" time="2.484"/>
  <system-out/>
  <testcase classname="api.test.DDTests" name="testPostuser" time="0.108"/>
  <system-out/>
  <testcase classname="api.test.DDTests" name="testDeleteUserByName" time="0.117"/>
  <system-out/>
  <testcase classname="api.test.DDTests" name="testDeleteUserByName" time="0.151"/>
  <system-out/>
  <testcase classname="api.test.DDTests" name="testDeleteUserByName" time="0.098"/>
  <system-out/>
</testsuite> <!-- api.test.DDTests -->
